<?xml version="1.0" encoding="UTF-8"?>
<testsuite name="com.khuthon.backend.BackendApplicationTests" tests="1" skipped="0" failures="0" errors="0" timestamp="2026-05-08T06:26:32.146Z" hostname="MINSU" time="17.555">
  <properties/>
  <testcase name="contextLoads()" classname="com.khuthon.backend.BackendApplicationTests" time="0.995"/>
  <system-out><![CDATA[15:26:32.528 [Test worker] INFO org.springframework.test.context.support.AnnotationConfigContextLoaderUtils -- Could not detect default configuration classes for test class [com.khuthon.backend.BackendApplicationTests]: BackendApplicationTests does not declare any static, non-private, non-final, nested classes annotated with @Configuration.
15:26:32.765 [Test worker] INFO org.springframework.boot.test.context.SpringBootTestContextBootstrapper -- Found @SpringBootConfiguration com.khuthon.backend.BackendApplication for test class com.khuthon.backend.BackendApplicationTests
15:26:32.978 [Test worker] INFO org.springframework.test.context.support.AnnotationConfigContextLoaderUtils -- Could not detect default configuration classes for test class [com.khuthon.backend.BackendApplicationTests]: BackendApplicationTests does not declare any static, non-private, non-final, nested classes annotated with @Configuration.
15:26:32.978 [Test worker] INFO org.springframework.boot.test.context.SpringBootTestContextBootstrapper -- Found @SpringBootConfiguration com.khuthon.backend.BackendApplication for test class com.khuthon.backend.BackendApplicationTests

  .   ____          _            __ _ _
 /\\ / ___'_ __ _ _(_)_ __  __ _ \ \ \ \
( ( )\___ | '_ | '_| | '_ \/ _` | \ \ \ \
 \\/  ___)| |_)| | | | | || (_| |  ) ) ) )
  '  |____| .__|_| |_|_| |_\__, | / / / /
 =========|_|==============|___/=/_/_/_/

 :: Spring Boot ::                (v4.0.6)

2026-05-08T15:26:33.928+09:00  INFO 31388 --- [backend] [    Test worker] c.k.backend.BackendApplicationTests      : Starting BackendApplicationTests using Java 21.0.2 with PID 31388 (started by gkdlt in C:\Khuthon_Backend)
2026-05-08T15:26:33.931+09:00  INFO 31388 --- [backend] [    Test worker] c.k.backend.BackendApplicationTests      : The following 1 profile is active: "local"
2026-05-08T15:26:36.279+09:00  INFO 31388 --- [backend] [    Test worker] .s.d.r.c.RepositoryConfigurationDelegate : Bootstrapping Spring Data JPA repositories in DEFAULT mode.
2026-05-08T15:26:36.351+09:00  INFO 31388 --- [backend] [    Test worker] .s.d.r.c.RepositoryConfigurationDelegate : Finished Spring Data repository scanning in 36 ms. Found 0 JPA repository interfaces.
2026-05-08T15:26:37.385+09:00  INFO 31388 --- [backend] [    Test worker] org.hibernate.orm.jpa                    : HHH008540: Processing PersistenceUnitInfo [name: default]
2026-05-08T15:26:37.578+09:00  INFO 31388 --- [backend] [    Test worker] org.hibernate.orm.core                   : HHH000001: Hibernate ORM core version 7.2.12.Final
2026-05-08T15:26:38.435+09:00  INFO 31388 --- [backend] [    Test worker] o.s.o.j.p.SpringPersistenceUnitInfo      : No LoadTimeWeaver setup: ignoring JPA class transformer
2026-05-08T15:26:38.503+09:00  INFO 31388 --- [backend] [    Test worker] com.zaxxer.hikari.HikariDataSource       : HikariPool-1 - Starting...
2026-05-08T15:26:42.386+09:00  INFO 31388 --- [backend] [    Test worker] com.zaxxer.hikari.pool.HikariPool        : HikariPool-1 - Added connection org.postgresql.jdbc.PgConnection@4271b748
2026-05-08T15:26:42.390+09:00  INFO 31388 --- [backend] [    Test worker] com.zaxxer.hikari.HikariDataSource       : HikariPool-1 - Start completed.
2026-05-08T15:26:42.747+09:00  WARN 31388 --- [backend] [    Test worker] org.hibernate.orm.deprecation            : HHH90000025: PostgreSQLDialect does not need to be specified explicitly using 'hibernate.dialect' (remove the property setting and it will be selected by default)
2026-05-08T15:26:44.074+09:00  INFO 31388 --- [backend] [    Test worker] org.hibernate.orm.connections.pooling    : HHH10001005: Database info:
	Database JDBC URL [jdbc:postgresql://gondola.proxy.rlwy.net:41499/railway]
	Database driver: PostgreSQL JDBC Driver
	Database dialect: PostgreSQLDialect
	Database version: 18.3
	Default catalog/schema: railway/public
	Autocommit mode: undefined/unknown
	Isolation level: READ_COMMITTED [default READ_COMMITTED]
	JDBC fetch size: none
	Pool: DataSourceConnectionProvider
	Minimum pool size: undefined/unknown
	Maximum pool size: undefined/unknown
2026-05-08T15:26:44.895+09:00  INFO 31388 --- [backend] [    Test worker] org.hibernate.orm.core                   : HHH000489: No JTA platform available (set 'hibernate.transaction.jta.platform' to enable JTA platform integration)
2026-05-08T15:26:44.912+09:00  INFO 31388 --- [backend] [    Test worker] j.LocalContainerEntityManagerFactoryBean : Initialized JPA EntityManagerFactory for persistence unit 'default'
2026-05-08T15:26:45.384+09:00  WARN 31388 --- [backend] [    Test worker] JpaBaseConfiguration$JpaWebConfiguration : spring.jpa.open-in-view is enabled by default. Therefore, database queries may be performed during view rendering. Explicitly configure spring.jpa.open-in-view to disable this warning
2026-05-08T15:26:45.802+09:00  WARN 31388 --- [backend] [    Test worker] .s.a.UserDetailsServiceAutoConfiguration : 

Using generated security password: 28682e43-b968-4760-9ca9-ab72ee6f42de

This generated password is for development use only. Your security configuration must be updated before running your application in production.

2026-05-08T15:26:45.864+09:00  INFO 31388 --- [backend] [    Test worker] r$InitializeUserDetailsManagerConfigurer : Global AuthenticationManager configured with UserDetailsService bean with name inMemoryUserDetailsManager
2026-05-08T15:26:48.634+09:00  INFO 31388 --- [backend] [    Test worker] c.k.backend.BackendApplicationTests      : Started BackendApplicationTests in 15.539 seconds (process running for 18.355)
]]></system-out>
  <system-err><![CDATA[Mockito is currently self-attaching to enable the inline-mock-maker. This will no longer work in future releases of the JDK. Please add Mockito as an agent to your build as described in Mockito's documentation: https://javadoc.io/doc/org.mockito/mockito-core/latest/org.mockito/org/mockito/Mockito.html#0.3
WARNING: A Java agent has been loaded dynamically (C:\Users\gkdlt\.gradle\caches\modules-2\files-2.1\net.bytebuddy\byte-buddy-agent\1.17.8\f09415827a71be7ed621c7bd02550678f28bc81c\byte-buddy-agent-1.17.8.jar)
WARNING: If a serviceability tool is in use, please run with -XX:+EnableDynamicAgentLoading to hide this warning
WARNING: If a serviceability tool is not in use, please run with -Djdk.instrument.traceUsage for more information
WARNING: Dynamic loading of agents will be disallowed by default in a future release
]]></system-err>
</testsuite>
